# JRE version: OpenJDK Runtime Environment (11.0.10) (build 11.0.10+0-b96-7249189)
# Java VM: OpenJDK 64-Bit Server VM (11.0.10+0-b96-7249189, mixed mode, tiered, compressed oops, g1 gc, windows-amd64)
Heap:
 garbage-first heap   total 189440K, used 83494K [0x0000000080000000, 0x0000000100000000)
  region size 1024K, 10 young (10240K), 5 survivors (5120K)
 Metaspace       used 69723K, capacity 71579K, committed 71884K, reserved 1112064K
  class space    used 9048K, capacity 9668K, committed 9728K, reserved 1048576K
GC Heap History (20 events):
Event: 4.945 GC heap before
{Heap before GC invocations=6 (full 0):
 garbage-first heap   total 131072K, used 62549K [0x0000000080000000, 0x0000000100000000)
  region size 1024K, 45 young (46080K), 1 survivors (1024K)
 Metaspace       used 25269K, capacity 25807K, committed 26112K, reserved 1071104K
  class space    used 3279K, capacity 3467K, committed 3584K, reserved 1048576K
}
Event: 4.952 GC heap after
{Heap after GC invocations=7 (full 0):
 garbage-first heap   total 157696K, used 18671K [0x0000000080000000, 0x0000000100000000)
  region size 1024K, 2 young (2048K), 2 survivors (2048K)
 Metaspace       used 25269K, capacity 25807K, committed 26112K, reserved 1071104K
  class space    used 3279K, capacity 3467K, committed 3584K, reserved 1048576K
}
Event: 6.233 GC heap before
{Heap before GC invocations=7 (full 0):
 garbage-first heap   total 157696K, used 90351K [0x0000000080000000, 0x0000000100000000)
  region size 1024K, 62 young (63488K), 2 survivors (2048K)
 Metaspace       used 31504K, capacity 32389K, committed 32512K, reserved 1077248K
  class space    used 4265K, capacity 4595K, committed 4608K, reserved 1048576K
}
Event: 6.240 GC heap after
{Heap after GC invocations=8 (full 0):
 garbage-first heap   total 157696K, used 33236K [0x0000000080000000, 0x0000000100000000)
  region size 1024K, 7 young (7168K), 7 survivors (7168K)
 Metaspace       used 31504K, capacity 32389K, committed 32512K, reserved 1077248K
  class space    used 4265K, capacity 4595K, committed 4608K, reserved 1048576K
}
Event: 6.485 GC heap before
{Heap before GC invocations=8 (full 0):
 garbage-first heap   total 157696K, used 41428K [0x0000000080000000, 0x0000000100000000)
  region size 1024K, 16 young (16384K), 7 survivors (7168K)
 Metaspace       used 34721K, capacity 35681K, committed 35840K, reserved 1081344K
  class space    used 4531K, capacity 4862K, committed 4864K, reserved 1048576K
}
Event: 6.498 GC heap after
{Heap after GC invocations=9 (full 0):
 garbage-first heap   total 157696K, used 34674K [0x0000000080000000, 0x0000000100000000)
  region size 1024K, 6 young (6144K), 6 survivors (6144K)
 Metaspace       used 34721K, capacity 35681K, committed 35840K, reserved 1081344K
  class space    used 4531K, capacity 4862K, committed 4864K, reserved 1048576K
}
Event: 7.405 GC heap before
{Heap before GC invocations=10 (full 0):
 garbage-first heap   total 157696K, used 99186K [0x0000000080000000, 0x0000000100000000)
  region size 1024K, 67 young (68608K), 6 survivors (6144K)
 Metaspace       used 40516K, capacity 41570K, committed 41676K, reserved 1085440K
  class space    used 5215K, capacity 5610K, committed 5632K, reserved 1048576K
}
Event: 7.428 GC heap after
{Heap after GC invocations=11 (full 0):
 garbage-first heap   total 157696K, used 39021K [0x0000000080000000, 0x0000000100000000)
  region size 1024K, 6 young (6144K), 6 survivors (6144K)
 Metaspace       used 40516K, capacity 41570K, committed 41676K, reserved 1085440K
  class space    used 5215K, capacity 5610K, committed 5632K, reserved 1048576K
}
Event: 8.613 GC heap before
{Heap before GC invocations=11 (full 0):
 garbage-first heap   total 157696K, used 110701K [0x0000000080000000, 0x0000000100000000)
  region size 1024K, 68 young (69632K), 6 survivors (6144K)
 Metaspace       used 44633K, capacity 45820K, committed 46028K, reserved 1089536K
  class space    used 5643K, capacity 6058K, committed 6144K, reserved 1048576K
}
Event: 8.636 GC heap after
{Heap after GC invocations=12 (full 0):
 garbage-first heap   total 157696K, used 52911K [0x0000000080000000, 0x0000000100000000)
  region size 1024K, 9 young (9216K), 9 survivors (9216K)
 Metaspace       used 44633K, capacity 45820K, committed 46028K, reserved 1089536K
  class space    used 5643K, capacity 6058K, committed 6144K, reserved 1048576K
}
Event: 9.430 GC heap before
{Heap before GC invocations=12 (full 0):
 garbage-first heap   total 157696K, used 112303K [0x0000000080000000, 0x0000000100000000)
  region size 1024K, 67 young (68608K), 9 survivors (9216K)
 Metaspace       used 48502K, capacity 49940K, committed 50252K, reserved 1093632K
  class space    used 6230K, capacity 6704K, committed 6784K, reserved 1048576K
}
Event: 9.445 GC heap after
{Heap after GC invocations=13 (full 0):
 garbage-first heap   total 157696K, used 57375K [0x0000000080000000, 0x0000000100000000)
  region size 1024K, 4 young (4096K), 4 survivors (4096K)
 Metaspace       used 48502K, capacity 49940K, committed 50252K, reserved 1093632K
  class space    used 6230K, capacity 6704K, committed 6784K, reserved 1048576K
}
Event: 10.427 GC heap before
{Heap before GC invocations=13 (full 0):
 garbage-first heap   total 157696K, used 118815K [0x0000000080000000, 0x0000000100000000)
  region size 1024K, 61 young (62464K), 4 survivors (4096K)
 Metaspace       used 52978K, capacity 54551K, committed 54604K, reserved 1097728K
  class space    used 6770K, capacity 7295K, committed 7296K, reserved 1048576K
}
Event: 10.442 GC heap after
{Heap after GC invocations=14 (full 0):
 garbage-first heap   total 189440K, used 68180K [0x0000000080000000, 0x0000000100000000)
  region size 1024K, 8 young (8192K), 8 survivors (8192K)
 Metaspace       used 52978K, capacity 54551K, committed 54604K, reserved 1097728K
  class space    used 6770K, capacity 7295K, committed 7296K, reserved 1048576K
}
Event: 11.327 GC heap before
{Heap before GC invocations=14 (full 0):
 garbage-first heap   total 189440K, used 102996K [0x0000000080000000, 0x0000000100000000)
  region size 1024K, 43 young (44032K), 8 survivors (8192K)
 Metaspace       used 58544K, capacity 60218K, committed 60236K, reserved 1101824K
  class space    used 7462K, capacity 8051K, committed 8064K, reserved 1048576K
}
Event: 11.348 GC heap after
{Heap after GC invocations=15 (full 0):
 garbage-first heap   total 189440K, used 70385K [0x0000000080000000, 0x0000000100000000)
  region size 1024K, 2 young (2048K), 2 survivors (2048K)
 Metaspace       used 58544K, capacity 60218K, committed 60236K, reserved 1101824K
  class space    used 7462K, capacity 8051K, committed 8064K, reserved 1048576K
}
Event: 12.383 GC heap before
{Heap before GC invocations=16 (full 0):
 garbage-first heap   total 189440K, used 128753K [0x0000000080000000, 0x0000000100000000)
  region size 1024K, 59 young (60416K), 2 survivors (2048K)
 Metaspace       used 64181K, capacity 66017K, committed 66124K, reserved 1105920K
  class space    used 8170K, capacity 8799K, committed 8832K, reserved 1048576K
}
Event: 12.393 GC heap after
{Heap after GC invocations=17 (full 0):
 garbage-first heap   total 189440K, used 74582K [0x0000000080000000, 0x0000000100000000)
  region size 1024K, 6 young (6144K), 6 survivors (6144K)
 Metaspace       used 64181K, capacity 66017K, committed 66124K, reserved 1105920K
  class space    used 8170K, capacity 8799K, committed 8832K, reserved 1048576K
}
Event: 13.333 GC heap before
{Heap before GC invocations=18 (full 0):
 garbage-first heap   total 189440K, used 133974K [0x0000000080000000, 0x0000000100000000)
  region size 1024K, 64 young (65536K), 6 survivors (6144K)
 Metaspace       used 69225K, capacity 71141K, committed 71372K, reserved 1112064K
  class space    used 8979K, capacity 9628K, committed 9728K, reserved 1048576K
}
Event: 13.354 GC heap after
{Heap after GC invocations=19 (full 0):
 garbage-first heap   total 189440K, used 79398K [0x0000000080000000, 0x0000000100000000)
  region size 1024K, 5 young (5120K), 5 survivors (5120K)
 Metaspace       used 69225K, capacity 71141K, committed 71372K, reserved 1112064K
  class space    used 8979K, capacity 9628K, committed 9728K, reserved 1048576K
}

