# JRE version: OpenJDK Runtime Environment (11.0.10) (build 11.0.10+0-b96-7249189)
# Java VM: OpenJDK 64-Bit Server VM (11.0.10+0-b96-7249189, mixed mode, tiered, compressed oops, g1 gc, windows-amd64)
Heap:
 garbage-first heap   total 227328K, used 95277K [0x0000000080000000, 0x0000000100000000)
  region size 1024K, 7 young (7168K), 7 survivors (7168K)
 Metaspace       used 89244K, capacity 91620K, committed 91672K, reserved 1128448K
  class space    used 11451K, capacity 12316K, committed 12364K, reserved 1048576K
GC Heap History (20 events):
Event: 11.908 GC heap after
{Heap after GC invocations=15 (full 0):
 garbage-first heap   total 157696K, used 65986K [0x0000000080000000, 0x0000000100000000)
  region size 1024K, 6 young (6144K), 6 survivors (6144K)
 Metaspace       used 49973K, capacity 51561K, committed 51660K, reserved 1093632K
  class space    used 6384K, capacity 6896K, committed 6912K, reserved 1048576K
}
Event: 12.598 GC heap before
{Heap before GC invocations=15 (full 0):
 garbage-first heap   total 157696K, used 115138K [0x0000000080000000, 0x0000000100000000)
  region size 1024K, 54 young (55296K), 6 survivors (6144K)
 Metaspace       used 57263K, capacity 58904K, committed 58956K, reserved 1099776K
  class space    used 7259K, capacity 7808K, committed 7808K, reserved 1048576K
}
Event: 12.605 GC heap after
{Heap after GC invocations=16 (full 0):
 garbage-first heap   total 157696K, used 68319K [0x0000000080000000, 0x0000000100000000)
  region size 1024K, 2 young (2048K), 2 survivors (2048K)
 Metaspace       used 57263K, capacity 58904K, committed 58956K, reserved 1099776K
  class space    used 7259K, capacity 7808K, committed 7808K, reserved 1048576K
}
Event: 12.795 GC heap before
{Heap before GC invocations=16 (full 0):
 garbage-first heap   total 157696K, used 78559K [0x0000000080000000, 0x0000000100000000)
  region size 1024K, 13 young (13312K), 2 survivors (2048K)
 Metaspace       used 58520K, capacity 60132K, committed 60236K, reserved 1101824K
  class space    used 7446K, capacity 8001K, committed 8064K, reserved 1048576K
}
Event: 12.800 GC heap after
{Heap after GC invocations=17 (full 0):
 garbage-first heap   total 157696K, used 68412K [0x0000000080000000, 0x0000000100000000)
  region size 1024K, 2 young (2048K), 2 survivors (2048K)
 Metaspace       used 58520K, capacity 60132K, committed 60236K, reserved 1101824K
  class space    used 7446K, capacity 8001K, committed 8064K, reserved 1048576K
}
Event: 13.773 GC heap before
{Heap before GC invocations=18 (full 0):
 garbage-first heap   total 157696K, used 112444K [0x0000000080000000, 0x0000000100000000)
  region size 1024K, 46 young (47104K), 2 survivors (2048K)
 Metaspace       used 63448K, capacity 65192K, committed 65432K, reserved 1105920K
  class space    used 8047K, capacity 8636K, committed 8652K, reserved 1048576K
}
Event: 13.790 GC heap after
{Heap after GC invocations=19 (full 0):
 garbage-first heap   total 157696K, used 72518K [0x0000000080000000, 0x0000000100000000)
  region size 1024K, 6 young (6144K), 6 survivors (6144K)
 Metaspace       used 63448K, capacity 65192K, committed 65432K, reserved 1105920K
  class space    used 8047K, capacity 8636K, committed 8652K, reserved 1048576K
}
Event: 14.701 GC heap before
{Heap before GC invocations=20 (full 0):
 garbage-first heap   total 157696K, used 116550K [0x0000000080000000, 0x0000000100000000)
  region size 1024K, 49 young (50176K), 6 survivors (6144K)
 Metaspace       used 65794K, capacity 67633K, committed 67864K, reserved 1107968K
  class space    used 8371K, capacity 8974K, committed 9036K, reserved 1048576K
}
Event: 14.713 GC heap after
{Heap after GC invocations=21 (full 0):
 garbage-first heap   total 157696K, used 76378K [0x0000000080000000, 0x0000000100000000)
  region size 1024K, 4 young (4096K), 4 survivors (4096K)
 Metaspace       used 65794K, capacity 67633K, committed 67864K, reserved 1107968K
  class space    used 8371K, capacity 8974K, committed 9036K, reserved 1048576K
}
Event: 15.392 GC heap before
{Heap before GC invocations=21 (full 0):
 garbage-first heap   total 157696K, used 120410K [0x0000000080000000, 0x0000000100000000)
  region size 1024K, 47 young (48128K), 4 survivors (4096K)
 Metaspace       used 70616K, capacity 72471K, committed 72728K, reserved 1112064K
  class space    used 9160K, capacity 9773K, committed 9804K, reserved 1048576K
}
Event: 15.401 GC heap after
{Heap after GC invocations=22 (full 0):
 garbage-first heap   total 157696K, used 78615K [0x0000000080000000, 0x0000000100000000)
  region size 1024K, 3 young (3072K), 3 survivors (3072K)
 Metaspace       used 70616K, capacity 72471K, committed 72728K, reserved 1112064K
  class space    used 9160K, capacity 9773K, committed 9804K, reserved 1048576K
}
Event: 16.487 GC heap before
{Heap before GC invocations=23 (full 0):
 garbage-first heap   total 157696K, used 122647K [0x0000000080000000, 0x0000000100000000)
  region size 1024K, 46 young (47104K), 3 survivors (3072K)
 Metaspace       used 74090K, capacity 75936K, committed 76056K, reserved 1116160K
  class space    used 9622K, capacity 10240K, committed 10316K, reserved 1048576K
}
Event: 16.502 GC heap after
{Heap after GC invocations=24 (full 0):
 garbage-first heap   total 189440K, used 80761K [0x0000000080000000, 0x0000000100000000)
  region size 1024K, 5 young (5120K), 5 survivors (5120K)
 Metaspace       used 74090K, capacity 75936K, committed 76056K, reserved 1116160K
  class space    used 9622K, capacity 10240K, committed 10316K, reserved 1048576K
}
Event: 17.316 GC heap before
{Heap before GC invocations=24 (full 0):
 garbage-first heap   total 189440K, used 137081K [0x0000000080000000, 0x0000000100000000)
  region size 1024K, 60 young (61440K), 5 survivors (5120K)
 Metaspace       used 76617K, capacity 78711K, committed 79000K, reserved 1118208K
  class space    used 9975K, capacity 10646K, committed 10700K, reserved 1048576K
}
Event: 17.334 GC heap after
{Heap after GC invocations=25 (full 0):
 garbage-first heap   total 189440K, used 84905K [0x0000000080000000, 0x0000000100000000)
  region size 1024K, 7 young (7168K), 7 survivors (7168K)
 Metaspace       used 76617K, capacity 78711K, committed 79000K, reserved 1118208K
  class space    used 9975K, capacity 10646K, committed 10700K, reserved 1048576K
}
Event: 18.276 GC heap before
{Heap before GC invocations=25 (full 0):
 garbage-first heap   total 189440K, used 142249K [0x0000000080000000, 0x0000000100000000)
  region size 1024K, 62 young (63488K), 7 survivors (7168K)
 Metaspace       used 85043K, capacity 87182K, committed 87448K, reserved 1124352K
  class space    used 10966K, capacity 11686K, committed 11724K, reserved 1048576K
}
Event: 18.288 GC heap after
{Heap after GC invocations=26 (full 0):
 garbage-first heap   total 189440K, used 87884K [0x0000000080000000, 0x0000000100000000)
  region size 1024K, 7 young (7168K), 7 survivors (7168K)
 Metaspace       used 85043K, capacity 87182K, committed 87448K, reserved 1124352K
  class space    used 10966K, capacity 11686K, committed 11724K, reserved 1048576K
}
Event: 19.362 GC heap before
{Heap before GC invocations=26 (full 0):
 garbage-first heap   total 189440K, used 144204K [0x0000000080000000, 0x0000000100000000)
  region size 1024K, 63 young (64512K), 7 survivors (7168K)
 Metaspace       used 87978K, capacity 90419K, committed 90520K, reserved 1128448K
  class space    used 11361K, capacity 12214K, committed 12236K, reserved 1048576K
}
Event: 19.383 GC heap after
{Heap after GC invocations=27 (full 0):
 garbage-first heap   total 189440K, used 92078K [0x0000000080000000, 0x0000000100000000)
  region size 1024K, 7 young (7168K), 7 survivors (7168K)
 Metaspace       used 87978K, capacity 90419K, committed 90520K, reserved 1128448K
  class space    used 11361K, capacity 12214K, committed 12236K, reserved 1048576K
}
Event: 20.764 GC heap before
{Heap before GC invocations=27 (full 0):
 garbage-first heap   total 189440K, used 147374K [0x0000000080000000, 0x0000000100000000)
  region size 1024K, 62 young (63488K), 7 survivors (7168K)
 Metaspace       used 89244K, capacity 91620K, committed 91672K, reserved 1128448K
  class space    used 11451K, capacity 12316K, committed 12364K, reserved 1048576K
}

